<?xml version="1.0" encoding="UTF-8"?>
<!-- Generated by org.testng.reporters.JUnitReportReporter -->
<testsuite skipped="0" hostname="Abms-MBP.fios-router.home" name="getRequest.GetData" tests="1" failures="0" timestamp="07 Aug 2019 15:58:08 GMT" time="1.584" errors="0">
  <testcase name="testBody" time="1.584" classname="getRequest.GetData"/>
</testsuite> <!-- getRequest.GetData -->
